[2025-11-25 04:09:03] Connected via SQLite: D:\xampp\htdocs\toko_kurniyah_jaya/data/db.sqlite
[2025-11-25 04:09:03] Created table: orders
[2025-11-25 04:09:03] Created table: order_items
[2025-11-25 04:09:03] Created table: users
[2025-11-25 04:09:03] Inserted default admin user: admin
[2025-11-25 04:09:11] Connected via SQLite: D:\xampp\htdocs\toko_kurniyah_jaya/data/db.sqlite
[2025-11-25 04:10:22] Connected via SQLite: D:\xampp\htdocs\toko_kurniyah_jaya/data/db.sqlite
[2025-11-25 04:10:22] Connected via SQLite: D:\xampp\htdocs\toko_kurniyah_jaya/data/db.sqlite
[2025-11-25 04:10:26] Connected via SQLite: D:\xampp\htdocs\toko_kurniyah_jaya/data/db.sqlite
[2025-11-25 04:10:28] Connected via SQLite: D:\xampp\htdocs\toko_kurniyah_jaya/data/db.sqlite
[2025-11-25 04:10:28] Connected via SQLite: D:\xampp\htdocs\toko_kurniyah_jaya/data/db.sqlite
[2025-11-25 04:10:32] Connected via SQLite: D:\xampp\htdocs\toko_kurniyah_jaya/data/db.sqlite
[2025-11-25 04:10:33] Connected via SQLite: D:\xampp\htdocs\toko_kurniyah_jaya/data/db.sqlite
[2025-11-25 04:10:34] Connected via SQLite: D:\xampp\htdocs\toko_kurniyah_jaya/data/db.sqlite
[2025-11-25 04:10:36] Connected via SQLite: D:\xampp\htdocs\toko_kurniyah_jaya/data/db.sqlite
[2025-11-25 04:10:37] Connected via SQLite: D:\xampp\htdocs\toko_kurniyah_jaya/data/db.sqlite
[2025-11-25 04:10:41] Connected via SQLite: D:\xampp\htdocs\toko_kurniyah_jaya/data/db.sqlite
[2025-11-25 04:10:46] Connected via SQLite: D:\xampp\htdocs\toko_kurniyah_jaya/data/db.sqlite
[2025-11-25 04:10:46] Connected via SQLite: D:\xampp\htdocs\toko_kurniyah_jaya/data/db.sqlite
[2025-11-25 04:10:49] Connected via SQLite: D:\xampp\htdocs\toko_kurniyah_jaya/data/db.sqlite
[2025-11-25 04:10:51] Connected via SQLite: D:\xampp\htdocs\toko_kurniyah_jaya/data/db.sqlite
[2025-11-25 04:10:51] Connected via SQLite: D:\xampp\htdocs\toko_kurniyah_jaya/data/db.sqlite
[2025-11-25 04:10:52] Connected via SQLite: D:\xampp\htdocs\toko_kurniyah_jaya/data/db.sqlite
[2025-11-25 05:01:34] Connected via SQLite: D:\xampp\htdocs\toko_kurniyah_jaya/data/db.sqlite
[2025-11-25 05:01:34] Connected via SQLite: D:\xampp\htdocs\toko_kurniyah_jaya/data/db.sqlite
[2025-11-25 05:01:39] Connected via SQLite: D:\xampp\htdocs\toko_kurniyah_jaya/data/db.sqlite
[2025-11-25 05:01:44] Connected via SQLite: D:\xampp\htdocs\toko_kurniyah_jaya/data/db.sqlite
[2025-11-25 05:01:45] Connected via SQLite: D:\xampp\htdocs\toko_kurniyah_jaya/data/db.sqlite
[2025-11-25 05:01:45] Connected via SQLite: D:\xampp\htdocs\toko_kurniyah_jaya/data/db.sqlite
[2025-11-25 05:01:50] Connected via SQLite: D:\xampp\htdocs\toko_kurniyah_jaya/data/db.sqlite
[2025-11-25 05:02:23] Connected via SQLite: D:\xampp\htdocs\toko_kurniyah_jaya/data/db.sqlite
[2025-11-25 05:02:23] Connected via SQLite: D:\xampp\htdocs\toko_kurniyah_jaya/data/db.sqlite
[2025-11-25 05:02:51] Connected via SQLite: D:\xampp\htdocs\toko_kurniyah_jaya/data/db.sqlite
[2025-11-25 05:02:51] Connected via SQLite: D:\xampp\htdocs\toko_kurniyah_jaya/data/db.sqlite
[2025-11-25 05:03:09] Connected via SQLite: D:\xampp\htdocs\toko_kurniyah_jaya/data/db.sqlite
[2025-11-25 05:03:13] Connected via SQLite: D:\xampp\htdocs\toko_kurniyah_jaya/data/db.sqlite
[2025-11-25 05:03:15] Connected via SQLite: D:\xampp\htdocs\toko_kurniyah_jaya/data/db.sqlite
[2025-11-25 05:03:17] Connected via SQLite: D:\xampp\htdocs\toko_kurniyah_jaya/data/db.sqlite
[2025-11-25 05:03:18] Connected via SQLite: D:\xampp\htdocs\toko_kurniyah_jaya/data/db.sqlite
[2025-11-25 05:03:59] Connected via SQLite: D:\xampp\htdocs\toko_kurniyah_jaya/data/db.sqlite
[2025-11-25 05:03:59] Connected via SQLite: D:\xampp\htdocs\toko_kurniyah_jaya/data/db.sqlite
